<?xml version="1.0" encoding="UTF-8"?>

<!--
    Document   : unconsistent-matrix.xml
    Created on : 9 mars 2010, 08:59
    Author     : user
    Description:
        Purpose of the document follows.
-->

<!-- Matrice d'origine CR=1.2818292818292818
<root>
	<row><elt value="1"/><elt value="1/3"/><elt value="1/3"/><elt value="3"/><elt value="1"/><elt value="1/7"/></row>
	<row><elt value="3"/><elt value="1"/><elt value="1"/><elt value="9"/><elt value="3"/><elt value="1/5"/></row>
	<row><elt value="3"/><elt value="1"/><elt value="1"/><elt value="9"/><elt value="3"/><elt value="9"/></row>
	<row><elt value="1/3"/><elt value="1/9"/><elt value="1/9"/><elt value="1"/><elt value="1/3"/><elt value="1/9"/></row>
	<row><elt value="1"/><elt value="1/3"/><elt value="1/3"/><elt value="3"/><elt value="1"/><elt value="1/9"/></row>
	<row><elt value="7"/><elt value="5"/><elt value="1/9"/><elt value="9"/><elt value="9"/><elt value="1"/></row>
</root>-->

<!-- Précédente avec (C6->C1)=3 (C6->C2)=1 (C6->C3)=1 CR=0.028860028860029162
<root>
	<row><elt value="1"/><elt value="1/3"/><elt value="1/3"/><elt value="3"/><elt value="1"/><elt value="1/3"/></row>
	<row><elt value="3"/><elt value="1"/><elt value="1"/><elt value="9"/><elt value="3"/><elt value="1"/></row>
	<row><elt value="3"/><elt value="1"/><elt value="1"/><elt value="9"/><elt value="3"/><elt value="1"/></row>
	<row><elt value="1/3"/><elt value="1/9"/><elt value="1/9"/><elt value="1"/><elt value="1/3"/><elt value="1/9"/></row>
	<row><elt value="1"/><elt value="1/3"/><elt value="1/3"/><elt value="3"/><elt value="1"/><elt value="1/7"/></row>
	<row><elt value="3"/><elt value="1"/><elt value="1"/><elt value="9"/><elt value="7"/><elt value="1"/></row>
</root>-->

<!-- Précédente avec (C6->C1)=5 CR=0.04232804232804231
<root>
	<row><elt value="1"/><elt value="1/3"/><elt value="1/3"/><elt value="3"/><elt value="1"/><elt value="1/5"/></row>
	<row><elt value="3"/><elt value="1"/><elt value="1"/><elt value="9"/><elt value="3"/><elt value="1"/></row>
	<row><elt value="3"/><elt value="1"/><elt value="1"/><elt value="9"/><elt value="3"/><elt value="1"/></row>
	<row><elt value="1/3"/><elt value="1/9"/><elt value="1/9"/><elt value="1"/><elt value="1/3"/><elt value="1/9"/></row>
	<row><elt value="1"/><elt value="1/3"/><elt value="1/3"/><elt value="3"/><elt value="1"/><elt value="1/7"/></row>
	<row><elt value="5"/><elt value="1"/><elt value="1"/><elt value="9"/><elt value="7"/><elt value="1"/></row>
</root>-->

<!-- Précédente avec (C2->C3)=3 CR=0.21991341991341998-->
<root>
	<row><elt value="1"/><elt value="1/3"/><elt value="1/3"/><elt value="3"/><elt value="1"/><elt value="1/5"/></row>
	<row><elt value="3"/><elt value="1"/><elt value="3"/><elt value="9"/><elt value="3"/><elt value="1"/></row>
	<row><elt value="3"/><elt value="1/3"/><elt value="1"/><elt value="9"/><elt value="3"/><elt value="1"/></row>
	<row><elt value="1/3"/><elt value="1/9"/><elt value="1/9"/><elt value="1"/><elt value="1/3"/><elt value="1/9"/></row>
	<row><elt value="1"/><elt value="1/3"/><elt value="1/3"/><elt value="3"/><elt value="1"/><elt value="1/7"/></row>
	<row><elt value="5"/><elt value="1"/><elt value="1"/><elt value="9"/><elt value="7"/><elt value="1"/></row>
</root>