<?xml version="1.0" encoding="UTF-8"?>

<!--
    Document   : unconsistent-matrix.xml
    Created on : 9 mars 2010, 08:59
    Author     : user
    Description:
        Purpose of the document follows.
-->

<!-- Matrice d'origine CR=1.2818292818292818
<root>
	<row><elt value="1"/><elt value="1/3"/><elt value="1/3"/><elt value="3"/><elt value="1"/><elt value="1/7"/></row>
	<row><elt value="3"/><elt value="1"/><elt value="1"/><elt value="9"/><elt value="3"/><elt value="1/5"/></row>
	<row><elt value="3"/><elt value="1"/><elt value="1"/><elt value="9"/><elt value="3"/><elt value="9"/></row>
	<row><elt value="1/3"/><elt value="1/9"/><elt value="1/9"/><elt value="1"/><elt value="1/3"/><elt value="1/9"/></row>
	<row><elt value="1"/><elt value="1/3"/><elt value="1/3"/><elt value="3"/><elt value="1"/><elt value="1/9"/></row>
	<row><elt value="7"/><elt value="5"/><elt value="1/9"/><elt value="9"/><elt value="9"/><elt value="1"/></row>
</root>-->

<!-- précédente avec (C6->C5)=7 CR=1.1774891774891774
<root>
	<row><elt value="1"/><elt value="1/3"/><elt value="1/3"/><elt value="3"/><elt value="1"/><elt value="1/7"/></row>
	<row><elt value="3"/><elt value="1"/><elt value="1"/><elt value="9"/><elt value="3"/><elt value="1/5"/></row>
	<row><elt value="3"/><elt value="1"/><elt value="1"/><elt value="9"/><elt value="3"/><elt value="9"/></row>
	<row><elt value="1/3"/><elt value="1/9"/><elt value="1/9"/><elt value="1"/><elt value="1/3"/><elt value="1/9"/></row>
	<row><elt value="1"/><elt value="1/3"/><elt value="1/3"/><elt value="3"/><elt value="1"/><elt value="1/7"/></row>
	<row><elt value="7"/><elt value="5"/><elt value="1/9"/><elt value="9"/><elt value="7"/><elt value="1"/></row>
</root>-->

<!-- précédente avec (C6->C3)=3 CR=0.3661616161616161-->
<root>
	<row><elt value="1"/><elt value="1/3"/><elt value="1/3"/><elt value="3"/><elt value="1"/><elt value="1/7"/></row>
	<row><elt value="3"/><elt value="1"/><elt value="1"/><elt value="9"/><elt value="3"/><elt value="1/5"/></row>
	<row><elt value="3"/><elt value="1"/><elt value="1"/><elt value="9"/><elt value="3"/><elt value="1/3"/></row>
	<row><elt value="1/3"/><elt value="1/9"/><elt value="1/9"/><elt value="1"/><elt value="1/3"/><elt value="1/9"/></row>
	<row><elt value="1"/><elt value="1/3"/><elt value="1/3"/><elt value="3"/><elt value="1"/><elt value="1/7"/></row>
	<row><elt value="7"/><elt value="5"/><elt value="3"/><elt value="9"/><elt value="7"/><elt value="1"/></row>
</root>